================================================================================
TIMESTAMP: 2026-01-09 09:15:20
STATUS: SUCCESS
--------------------------------------------------------------------------------
CONTACT INFORMATION:
  Name: Vatsal Jitendra
  Email: sonivatsal3@gmail.com
  Phone: +919819212790
  Company: N/A
  Customer Type: Individual Customer

MESSAGE:
  swqdxqewdswedf

TECHNICAL DETAILS:
  IP Address: ::1
  User Agent: Mozilla/5.0 (Macintosh; Intel Mac OS X 10_15_7) AppleWebKit/537.36 (KHTML, like Gecko) Chrome/143.0.0.0 Safari/537.36
  Referer: http://localhost:8000/contact
  Request Type: AJAX

EMAIL STATUS:
  Admin Email: Sent ✓
  Thank You Email: Sent ✓
================================================================================

